#
# There is insufficient memory for the Java Runtime Environment to continue.
# Native memory allocation (malloc) failed to allocate 1253312 bytes. Error detail: Chunk::new
# Possible reasons:
#   The system is out of physical RAM or swap space
#   This process is running with CompressedOops enabled, and the Java Heap may be blocking the growth of the native heap
# Possible solutions:
#   Reduce memory load on the system
#   Increase physical memory or swap space
#   Check if swap backing store is full
#   Decrease Java heap size (-Xmx/-Xms)
#   Decrease number of Java threads
#   Decrease Java thread stack sizes (-Xss)
#   Set larger code cache with -XX:ReservedCodeCacheSize=
#   JVM is running with Unscaled Compressed Oops mode in which the Java heap is
#     placed in the first 4GB address space. The Java Heap base address is the
#     maximum limit for the native heap growth. Please use -XX:HeapBaseMinAddress
#     to set the Java Heap base and to place the Java Heap above 4GB virtual address.
# This output file may be truncated or incomplete.
#
#  Out of Memory Error (arena.cpp:168), pid=6976, tid=9784
#
# JRE version: OpenJDK Runtime Environment Temurin-21.0.7+6 (21.0.7+6) (build 21.0.7+6-LTS)
# Java VM: OpenJDK 64-Bit Server VM Temurin-21.0.7+6 (21.0.7+6-LTS, mixed mode, sharing, tiered, compressed oops, compressed class ptrs, parallel gc, windows-amd64)
# No core dump will be written. Minidumps are not enabled by default on client versions of Windows
#

---------------  S U M M A R Y ------------

Command Line: --add-modules=ALL-SYSTEM --add-opens=java.base/java.util=ALL-UNNAMED --add-opens=java.base/java.lang=ALL-UNNAMED --add-opens=java.base/sun.nio.fs=ALL-UNNAMED -Declipse.application=org.eclipse.jdt.ls.core.id1 -Dosgi.bundles.defaultStartLevel=4 -Declipse.product=org.eclipse.jdt.ls.core.product -Djava.import.generatesMetadataFilesAtProjectRoot=false -DDetectVMInstallationsJob.disabled=true -Dfile.encoding=utf8 -XX:+UseParallelGC -XX:GCTimeRatio=4 -XX:AdaptiveSizePolicyWeight=90 -Dsun.zip.disableMemoryMapping=true -Xmx2G -Xms100m -Xlog:disable -javaagent:c:\Users\Suface\.vscode\extensions\redhat.java-1.43.1-win32-x64\lombok\lombok-1.18.39-4050.jar -XX:+HeapDumpOnOutOfMemoryError -XX:HeapDumpPath=c:\Users\Suface\AppData\Roaming\Code\User\workspaceStorage\07c82d763a71fc085d8881053b6b6c99\redhat.java -Daether.dependencyCollector.impl=bf c:\Users\Suface\.vscode\extensions\redhat.java-1.43.1-win32-x64\server\plugins\org.eclipse.equinox.launcher_1.7.0.v20250519-0528.jar -configuration c:\Users\Suface\AppData\Roaming\Code\User\globalStorage\redhat.java\1.43.1\config_win -data c:\Users\Suface\AppData\Roaming\Code\User\workspaceStorage\07c82d763a71fc085d8881053b6b6c99\redhat.java\jdt_ws --pipe=\\.\pipe\lsp-63c7d0cc75b0c303f2a2dd6e566a46e6-sock

Host: 11th Gen Intel(R) Core(TM) i7-1185G7 @ 3.00GHz, 8 cores, 15G,  Windows 11 , 64 bit Build 26100 (10.0.26100.4202)
Time: Tue Jul  8 18:28:25 2025 SE Asia Standard Time elapsed time: 22.532216 seconds (0d 0h 0m 22s)

---------------  T H R E A D  ---------------

Current thread (0x000002060a66a500):  JavaThread "C2 CompilerThread1" daemon [_thread_in_native, id=9784, stack(0x000000da51300000,0x000000da51400000) (1024K)]


Current CompileTask:
C2:22532 4185       4       org.eclipse.osgi.internal.serviceregistry.ServiceRegistry::notifyHooksPrivileged (57 bytes)

Stack: [0x000000da51300000,0x000000da51400000]
Native frames: (J=compiled Java code, j=interpreted, Vv=VM code, C=native code)
V  [jvm.dll+0x6ce119]
V  [jvm.dll+0x8a84a1]
V  [jvm.dll+0x8aa9ce]
V  [jvm.dll+0x8ab0b3]
V  [jvm.dll+0x27f8a6]
V  [jvm.dll+0xc507d]
V  [jvm.dll+0xc55b3]
V  [jvm.dll+0x3b692c]
V  [jvm.dll+0x382aa5]
V  [jvm.dll+0x381f0a]
V  [jvm.dll+0x247af0]
V  [jvm.dll+0x2470cf]
V  [jvm.dll+0x1c760e]
V  [jvm.dll+0x25695a]
V  [jvm.dll+0x254efa]
V  [jvm.dll+0x3f03f6]
V  [jvm.dll+0x851f6b]
V  [jvm.dll+0x6cc7dd]
C  [ucrtbase.dll+0x37b0]
C  [KERNEL32.DLL+0x2e8d7]
C  [ntdll.dll+0x3c34c]


---------------  P R O C E S S  ---------------

Threads class SMR info:
_java_thread_list=0x000002060d082500, length=38, elements={
0x00000205aa62b040, 0x00000205acb1b0b0, 0x00000205acb1d5e0, 0x00000205ac9d5b00,
0x00000205ac9d69b0, 0x00000205ac9f9320, 0x00000205ac9fd410, 0x00000205aca05890,
0x00000205aca0a9d0, 0x000002060a0e2bb0, 0x000002060a0e45f0, 0x000002060a0e4c80,
0x000002060a0e59a0, 0x000002060a0e3f60, 0x000002060a0e38d0, 0x000002060a0e6030,
0x000002060a0e3240, 0x000002060a5b6d30, 0x000002060a66a500, 0x000002060a5b66a0,
0x000002060a5b73c0, 0x000002060a5b7a50, 0x000002060a5b6010, 0x000002060a5b9490,
0x000002060a5b9b20, 0x000002060a5b80e0, 0x000002060a5bb560, 0x000002060a5ba1b0,
0x000002060a5ba840, 0x000002060a5baed0, 0x000002060a5bbbf0, 0x000002060a5b8770,
0x000002060a5bc280, 0x000002060a5bc910, 0x000002060a5bcfa0, 0x000002060a5bd630,
0x000002060c346d60, 0x000002060c345320
}

Java Threads: ( => current thread )
  0x00000205aa62b040 JavaThread "main"                              [_thread_in_native, id=13612, stack(0x000000da4f700000,0x000000da4f800000) (1024K)]
  0x00000205acb1b0b0 JavaThread "Reference Handler"          daemon [_thread_blocked, id=15612, stack(0x000000da4fb00000,0x000000da4fc00000) (1024K)]
  0x00000205acb1d5e0 JavaThread "Finalizer"                  daemon [_thread_blocked, id=26472, stack(0x000000da4fc00000,0x000000da4fd00000) (1024K)]
  0x00000205ac9d5b00 JavaThread "Signal Dispatcher"          daemon [_thread_blocked, id=31680, stack(0x000000da4fd00000,0x000000da4fe00000) (1024K)]
  0x00000205ac9d69b0 JavaThread "Attach Listener"            daemon [_thread_blocked, id=30452, stack(0x000000da4fe00000,0x000000da4ff00000) (1024K)]
  0x00000205ac9f9320 JavaThread "Service Thread"             daemon [_thread_blocked, id=23508, stack(0x000000da4ff00000,0x000000da50000000) (1024K)]
  0x00000205ac9fd410 JavaThread "Monitor Deflation Thread"   daemon [_thread_blocked, id=29004, stack(0x000000da50000000,0x000000da50100000) (1024K)]
  0x00000205aca05890 JavaThread "C2 CompilerThread0"         daemon [_thread_in_native, id=10964, stack(0x000000da50100000,0x000000da50200000) (1024K)]
  0x00000205aca0a9d0 JavaThread "C1 CompilerThread0"         daemon [_thread_in_vm, id=10800, stack(0x000000da50200000,0x000000da50300000) (1024K)]
  0x000002060a0e2bb0 JavaThread "Common-Cleaner"             daemon [_thread_blocked, id=24080, stack(0x000000da50300000,0x000000da50400000) (1024K)]
  0x000002060a0e45f0 JavaThread "Notification Thread"        daemon [_thread_blocked, id=11952, stack(0x000000da50500000,0x000000da50600000) (1024K)]
  0x000002060a0e4c80 JavaThread "Active Thread: Equinox Container: df4cd006-277d-4b1c-a4df-6ca6a4d164c1"        [_thread_blocked, id=24572, stack(0x000000da50600000,0x000000da50700000) (1024K)]
  0x000002060a0e59a0 JavaThread "Refresh Thread: Equinox Container: df4cd006-277d-4b1c-a4df-6ca6a4d164c1" daemon [_thread_blocked, id=8336, stack(0x000000da50400000,0x000000da50500000) (1024K)]
  0x000002060a0e3f60 JavaThread "Framework Event Dispatcher: Equinox Container: df4cd006-277d-4b1c-a4df-6ca6a4d164c1" daemon [_thread_blocked, id=32236, stack(0x000000da50e00000,0x000000da50f00000) (1024K)]
  0x000002060a0e38d0 JavaThread "Start Level: Equinox Container: df4cd006-277d-4b1c-a4df-6ca6a4d164c1" daemon [_thread_blocked, id=12872, stack(0x000000da50f00000,0x000000da51000000) (1024K)]
  0x000002060a0e6030 JavaThread "Bundle File Closer"         daemon [_thread_blocked, id=12264, stack(0x000000da51100000,0x000000da51200000) (1024K)]
  0x000002060a0e3240 JavaThread "SCR Component Actor"        daemon [_thread_blocked, id=33760, stack(0x000000da51000000,0x000000da51100000) (1024K)]
  0x000002060a5b6d30 JavaThread "SCR Component Registry"     daemon [_thread_blocked, id=24132, stack(0x000000da51200000,0x000000da51300000) (1024K)]
=>0x000002060a66a500 JavaThread "C2 CompilerThread1"         daemon [_thread_in_native, id=9784, stack(0x000000da51300000,0x000000da51400000) (1024K)]
  0x000002060a5b66a0 JavaThread "Worker-JM"                         [_thread_blocked, id=6376, stack(0x000000da51400000,0x000000da51500000) (1024K)]
  0x000002060a5b73c0 JavaThread "Worker-0: Initialize After Load"        [_thread_blocked, id=12616, stack(0x000000da51500000,0x000000da51600000) (1024K)]
  0x000002060a5b7a50 JavaThread "Worker-1: Loading available Gradle versions"        [_thread_in_vm, id=22760, stack(0x000000da51600000,0x000000da51700000) (1024K)]
  0x000002060a5b6010 JavaThread "Java indexing"              daemon [_thread_blocked, id=26576, stack(0x000000da51700000,0x000000da51800000) (1024K)]
  0x000002060a5b9490 JavaThread "JNA Cleaner"                daemon [_thread_blocked, id=10976, stack(0x000000da51800000,0x000000da51900000) (1024K)]
  0x000002060a5b9b20 JavaThread "Worker-2: Repository registry initialization"        [_thread_in_vm, id=12644, stack(0x000000da51c00000,0x000000da51d00000) (1024K)]
  0x000002060a5b80e0 JavaThread "Worker-3: Updating Maven Dependencies"        [_thread_blocked, id=30408, stack(0x000000da51d00000,0x000000da51e00000) (1024K)]
  0x000002060a5bb560 JavaThread "Thread-2"                   daemon [_thread_in_native, id=15860, stack(0x000000da51e00000,0x000000da51f00000) (1024K)]
  0x000002060a5ba1b0 JavaThread "Thread-3"                   daemon [_thread_in_native, id=32468, stack(0x000000da51f00000,0x000000da52000000) (1024K)]
  0x000002060a5ba840 JavaThread "Thread-4"                   daemon [_thread_in_native, id=4704, stack(0x000000da52000000,0x000000da52100000) (1024K)]
  0x000002060a5baed0 JavaThread "Thread-5"                   daemon [_thread_in_native, id=6640, stack(0x000000da52100000,0x000000da52200000) (1024K)]
  0x000002060a5bbbf0 JavaThread "Thread-6"                   daemon [_thread_in_native, id=27056, stack(0x000000da52200000,0x000000da52300000) (1024K)]
  0x000002060a5b8770 JavaThread "Thread-7"                   daemon [_thread_in_native, id=26932, stack(0x000000da52300000,0x000000da52400000) (1024K)]
  0x000002060a5bc280 JavaThread "Thread-8"                   daemon [_thread_in_native, id=23376, stack(0x000000da52400000,0x000000da52500000) (1024K)]
  0x000002060a5bc910 JavaThread "Thread-9"                   daemon [_thread_in_native, id=26920, stack(0x000000da52500000,0x000000da52600000) (1024K)]
  0x000002060a5bcfa0 JavaThread "Thread-10"                  daemon [_thread_in_native, id=32588, stack(0x000000da52600000,0x000000da52700000) (1024K)]
  0x000002060a5bd630 JavaThread "Worker-4"                          [_thread_blocked, id=20860, stack(0x000000da52700000,0x000000da52800000) (1024K)]
  0x000002060c346d60 JavaThread "Worker-5"                          [_thread_blocked, id=2656, stack(0x000000da52800000,0x000000da52900000) (1024K)]
  0x000002060c345320 JavaThread "pool-2-thread-1"                   [_thread_blocked, id=11256, stack(0x000000da52900000,0x000000da52a00000) (1024K)]
Total: 38

Other Threads:
  0x00000205ac9d1480 VMThread "VM Thread"                           [id=23224, stack(0x000000da4fa00000,0x000000da4fb00000) (1024K)]
  0x00000205acac94c0 WatcherThread "VM Periodic Task Thread"        [id=29956, stack(0x000000da4f900000,0x000000da4fa00000) (1024K)]
  0x00000205aca7ba60 WorkerThread "GC Thread#0"                     [id=17048, stack(0x000000da4f800000,0x000000da4f900000) (1024K)]
  0x000002060a3de9e0 WorkerThread "GC Thread#1"                     [id=23424, stack(0x000000da50700000,0x000000da50800000) (1024K)]
  0x000002060a87e3c0 WorkerThread "GC Thread#2"                     [id=596, stack(0x000000da50800000,0x000000da50900000) (1024K)]
  0x000002060a87e760 WorkerThread "GC Thread#3"                     [id=14288, stack(0x000000da50900000,0x000000da50a00000) (1024K)]
  0x000002060aa92bd0 WorkerThread "GC Thread#4"                     [id=12968, stack(0x000000da50a00000,0x000000da50b00000) (1024K)]
  0x000002060aa92f70 WorkerThread "GC Thread#5"                     [id=6004, stack(0x000000da50b00000,0x000000da50c00000) (1024K)]
  0x000002060aa93310 WorkerThread "GC Thread#6"                     [id=30864, stack(0x000000da50c00000,0x000000da50d00000) (1024K)]
  0x000002060a8f2460 WorkerThread "GC Thread#7"                     [id=13492, stack(0x000000da50d00000,0x000000da50e00000) (1024K)]
Total: 10

Threads with active compile tasks:
C2 CompilerThread0  22595 4307   !   4       org.eclipse.osgi.internal.loader.classpath.ClasspathManager::findClassImpl (343 bytes)
C2 CompilerThread1  22595 4185       4       org.eclipse.osgi.internal.serviceregistry.ServiceRegistry::notifyHooksPrivileged (57 bytes)
Total: 2

VM state: not at safepoint (normal execution)

VM Mutex/Monitor currently owned by a thread: None

Heap address: 0x0000000080000000, size: 2048 MB, Compressed Oops mode: 32-bit

CDS archive(s) mapped at: [0x00000205c4000000-0x00000205c4ba0000-0x00000205c4ba0000), size 12189696, SharedBaseAddress: 0x00000205c4000000, ArchiveRelocationMode: 1.
Compressed class space mapped at: 0x00000205c5000000-0x0000020605000000, reserved size: 1073741824
Narrow klass base: 0x00000205c4000000, Narrow klass shift: 0, Narrow klass range: 0x100000000

GC Precious Log:
 CardTable entry size: 512
 CPUs: 8 total, 8 available
 Memory: 16226M
 Large Page Support: Disabled
 NUMA Support: Disabled
 Compressed Oops: Enabled (32-bit)
 Alignments: Space 512K, Generation 512K, Heap 2M
 Heap Min Capacity: 100M
 Heap Initial Capacity: 100M
 Heap Max Capacity: 2G
 Pre-touch: Disabled
 Parallel Workers: 8

Heap:
 PSYoungGen      total 25088K, used 12217K [0x00000000d5580000, 0x00000000d7400000, 0x0000000100000000)
  eden space 22528K, 44% used [0x00000000d5580000,0x00000000d5f55240,0x00000000d6b80000)
  from space 2560K, 83% used [0x00000000d6e80000,0x00000000d7099380,0x00000000d7100000)
  to   space 2560K, 0% used [0x00000000d7180000,0x00000000d7180000,0x00000000d7400000)
 ParOldGen       total 68608K, used 15299K [0x0000000080000000, 0x0000000084300000, 0x00000000d5580000)
  object space 68608K, 22% used [0x0000000080000000,0x0000000080ef0c20,0x0000000084300000)
 Metaspace       used 31479K, committed 32512K, reserved 1114112K
  class space    used 3070K, committed 3520K, reserved 1048576K

Card table byte_map: [0x00000205ac400000,0x00000205ac810000] _byte_map_base: 0x00000205ac000000

Marking Bits: (ParMarkBitMap*) 0x00007ffb213f31f0
 Begin Bits: [0x00000205bef00000, 0x00000205c0f00000)
 End Bits:   [0x00000205c0f00000, 0x00000205c2f00000)

Polling page: 0x00000205aa880000

Metaspace:

Usage:
  Non-class:     27.74 MB used.
      Class:      3.00 MB used.
       Both:     30.74 MB used.

Virtual space:
  Non-class space:       64.00 MB reserved,      28.31 MB ( 44%) committed,  1 nodes.
      Class space:        1.00 GB reserved,       3.44 MB ( <1%) committed,  1 nodes.
             Both:        1.06 GB reserved,      31.75 MB (  3%) committed. 

Chunk freelists:
   Non-Class:  2.75 MB
       Class:  12.41 MB
        Both:  15.16 MB

MaxMetaspaceSize: unlimited
CompressedClassSpaceSize: 1.00 GB
Initial GC threshold: 21.00 MB
Current GC threshold: 35.00 MB
CDS: on
 - commit_granule_bytes: 65536.
 - commit_granule_words: 8192.
 - virtual_space_node_default_size: 8388608.
 - enlarge_chunks_in_place: 1.
 - use_allocation_guard: 0.


Internal statistics:

num_allocs_failed_limit: 3.
num_arena_births: 714.
num_arena_deaths: 14.
num_vsnodes_births: 2.
num_vsnodes_deaths: 0.
num_space_committed: 508.
num_space_uncommitted: 0.
num_chunks_returned_to_freelist: 17.
num_chunks_taken_from_freelist: 1931.
num_chunk_merges: 7.
num_chunk_splits: 1248.
num_chunks_enlarged: 815.
num_inconsistent_stats: 0.

CodeHeap 'non-profiled nmethods': size=120000Kb used=2146Kb max_used=2146Kb free=117853Kb
 bounds [0x00000205b7720000, 0x00000205b7990000, 0x00000205bec50000]
CodeHeap 'profiled nmethods': size=120000Kb used=9064Kb max_used=9064Kb free=110935Kb
 bounds [0x00000205afc50000, 0x00000205b0530000, 0x00000205b7180000]
CodeHeap 'non-nmethods': size=5760Kb used=1362Kb max_used=1391Kb free=4397Kb
 bounds [0x00000205b7180000, 0x00000205b73f0000, 0x00000205b7720000]
 total_blobs=4960 nmethods=4312 adapters=554
 compilation: enabled
              stopped_count=0, restarted_count=0
 full_count=0

Compilation events (20 events):
Event: 21.508 Thread 0x00000205aca0a9d0 4271       1       java.util.concurrent.locks.ReentrantReadWriteLock$NonfairSync::writerShouldBlock (2 bytes)
Event: 21.508 Thread 0x00000205aca0a9d0 nmethod 4271 0x00000205b792fc90 code [0x00000205b792fe20, 0x00000205b792fee8]
Event: 21.510 Thread 0x00000205aca0a9d0 4272       3       java.util.regex.Pattern::append (43 bytes)
Event: 21.510 Thread 0x00000205aca0a9d0 nmethod 4272 0x00000205b0500590 code [0x00000205b0500760, 0x00000205b0500af8]
Event: 21.518 Thread 0x00000205aca0a9d0 4273       3       java.io.BufferedReader::ensureOpen (18 bytes)
Event: 21.519 Thread 0x00000205aca0a9d0 nmethod 4273 0x00000205b0500c90 code [0x00000205b0500e40, 0x00000205b0501048]
Event: 21.521 Thread 0x00000205aca05890 nmethod 4228 0x00000205b792ff90 code [0x00000205b7930320, 0x00000205b79317f0]
Event: 21.521 Thread 0x00000205aca05890 4253       4       java.util.HashSet::contains (9 bytes)
Event: 21.521 Thread 0x00000205aca0a9d0 4275       3       java.lang.invoke.InvokerBytecodeGenerator::lookupPregenerated (294 bytes)
Event: 21.522 Thread 0x00000205aca0a9d0 nmethod 4275 0x00000205b0501110 code [0x00000205b05014a0, 0x00000205b0502908]
Event: 21.523 Thread 0x00000205aca0a9d0 4276       3       java.lang.invoke.LambdaForm$Name::withConstraint (20 bytes)
Event: 21.523 Thread 0x00000205aca0a9d0 nmethod 4276 0x00000205b0502f90 code [0x00000205b0503140, 0x00000205b0503358]
Event: 21.523 Thread 0x00000205aca0a9d0 4278       3       java.lang.invoke.LambdaFormBuffer::replaceName (124 bytes)
Event: 21.524 Thread 0x00000205aca0a9d0 nmethod 4278 0x00000205b0503410 code [0x00000205b05035c0, 0x00000205b0503778]
Event: 21.531 Thread 0x00000205aca0a9d0 4279       3       java.io.StreamTokenizer::read (38 bytes)
Event: 21.531 Thread 0x00000205aca0a9d0 nmethod 4279 0x00000205b0503890 code [0x00000205b0503a80, 0x00000205b0503e80]
Event: 21.531 Thread 0x00000205aca0a9d0 4280   !   3       java.io.BufferedReader::read (59 bytes)
Event: 21.531 Thread 0x00000205aca0a9d0 nmethod 4280 0x00000205b0504010 code [0x00000205b05042a0, 0x00000205b05050b0]
Event: 21.552 Thread 0x00000205aca0a9d0 4281   !   3       java.util.regex.Pattern::closure (276 bytes)
Event: 22.525 Thread 0x00000205aca0a9d0 nmethod 4281 0x00000205b0505590 code [0x00000205b0505980, 0x00000205b0507090]

GC Heap History (20 events):
Event: 11.295 GC heap before
{Heap before GC invocations=3 (full 0):
 PSYoungGen      total 29696K, used 29685K [0x00000000d5580000, 0x00000000d7680000, 0x0000000100000000)
  eden space 25600K, 100% used [0x00000000d5580000,0x00000000d6e80000,0x00000000d6e80000)
  from space 4096K, 99% used [0x00000000d7280000,0x00000000d767d5e0,0x00000000d7680000)
  to   space 4096K, 0% used [0x00000000d6e80000,0x00000000d6e80000,0x00000000d7280000)
 ParOldGen       total 68608K, used 1704K [0x0000000080000000, 0x0000000084300000, 0x00000000d5580000)
  object space 68608K, 2% used [0x0000000080000000,0x00000000801aa220,0x0000000084300000)
 Metaspace       used 9267K, committed 9664K, reserved 1114112K
  class space    used 964K, committed 1152K, reserved 1048576K
}
Event: 11.300 GC heap after
{Heap after GC invocations=3 (full 0):
 PSYoungGen      total 29696K, used 4089K [0x00000000d5580000, 0x00000000d7680000, 0x0000000100000000)
  eden space 25600K, 0% used [0x00000000d5580000,0x00000000d5580000,0x00000000d6e80000)
  from space 4096K, 99% used [0x00000000d6e80000,0x00000000d727e690,0x00000000d7280000)
  to   space 4096K, 0% used [0x00000000d7280000,0x00000000d7280000,0x00000000d7680000)
 ParOldGen       total 68608K, used 5108K [0x0000000080000000, 0x0000000084300000, 0x00000000d5580000)
  object space 68608K, 7% used [0x0000000080000000,0x00000000804fd318,0x0000000084300000)
 Metaspace       used 9267K, committed 9664K, reserved 1114112K
  class space    used 964K, committed 1152K, reserved 1048576K
}
Event: 19.756 GC heap before
{Heap before GC invocations=4 (full 0):
 PSYoungGen      total 29696K, used 29689K [0x00000000d5580000, 0x00000000d7680000, 0x0000000100000000)
  eden space 25600K, 100% used [0x00000000d5580000,0x00000000d6e80000,0x00000000d6e80000)
  from space 4096K, 99% used [0x00000000d6e80000,0x00000000d727e690,0x00000000d7280000)
  to   space 4096K, 0% used [0x00000000d7280000,0x00000000d7280000,0x00000000d7680000)
 ParOldGen       total 68608K, used 5108K [0x0000000080000000, 0x0000000084300000, 0x00000000d5580000)
  object space 68608K, 7% used [0x0000000080000000,0x00000000804fd318,0x0000000084300000)
 Metaspace       used 12054K, committed 12480K, reserved 1114112K
  class space    used 1250K, committed 1472K, reserved 1048576K
}
Event: 19.760 GC heap after
{Heap after GC invocations=4 (full 0):
 PSYoungGen      total 29696K, used 4095K [0x00000000d5580000, 0x00000000d7680000, 0x0000000100000000)
  eden space 25600K, 0% used [0x00000000d5580000,0x00000000d5580000,0x00000000d6e80000)
  from space 4096K, 99% used [0x00000000d7280000,0x00000000d767fe38,0x00000000d7680000)
  to   space 4096K, 0% used [0x00000000d6e80000,0x00000000d6e80000,0x00000000d7280000)
 ParOldGen       total 68608K, used 6711K [0x0000000080000000, 0x0000000084300000, 0x00000000d5580000)
  object space 68608K, 9% used [0x0000000080000000,0x000000008068dd10,0x0000000084300000)
 Metaspace       used 12054K, committed 12480K, reserved 1114112K
  class space    used 1250K, committed 1472K, reserved 1048576K
}
Event: 20.221 GC heap before
{Heap before GC invocations=5 (full 0):
 PSYoungGen      total 29696K, used 29695K [0x00000000d5580000, 0x00000000d7680000, 0x0000000100000000)
  eden space 25600K, 100% used [0x00000000d5580000,0x00000000d6e80000,0x00000000d6e80000)
  from space 4096K, 99% used [0x00000000d7280000,0x00000000d767fe38,0x00000000d7680000)
  to   space 4096K, 0% used [0x00000000d6e80000,0x00000000d6e80000,0x00000000d7280000)
 ParOldGen       total 68608K, used 6711K [0x0000000080000000, 0x0000000084300000, 0x00000000d5580000)
  object space 68608K, 9% used [0x0000000080000000,0x000000008068dd10,0x0000000084300000)
 Metaspace       used 15429K, committed 16064K, reserved 1114112K
  class space    used 1558K, committed 1856K, reserved 1048576K
}
Event: 20.224 GC heap after
{Heap after GC invocations=5 (full 0):
 PSYoungGen      total 29184K, used 4088K [0x00000000d5580000, 0x00000000d7900000, 0x0000000100000000)
  eden space 25088K, 0% used [0x00000000d5580000,0x00000000d5580000,0x00000000d6e00000)
  from space 4096K, 99% used [0x00000000d6e80000,0x00000000d727e1d8,0x00000000d7280000)
  to   space 5632K, 0% used [0x00000000d7380000,0x00000000d7380000,0x00000000d7900000)
 ParOldGen       total 68608K, used 7829K [0x0000000080000000, 0x0000000084300000, 0x00000000d5580000)
  object space 68608K, 11% used [0x0000000080000000,0x00000000807a5700,0x0000000084300000)
 Metaspace       used 15429K, committed 16064K, reserved 1114112K
  class space    used 1558K, committed 1856K, reserved 1048576K
}
Event: 20.494 GC heap before
{Heap before GC invocations=6 (full 0):
 PSYoungGen      total 29184K, used 29176K [0x00000000d5580000, 0x00000000d7900000, 0x0000000100000000)
  eden space 25088K, 100% used [0x00000000d5580000,0x00000000d6e00000,0x00000000d6e00000)
  from space 4096K, 99% used [0x00000000d6e80000,0x00000000d727e1d8,0x00000000d7280000)
  to   space 5632K, 0% used [0x00000000d7380000,0x00000000d7380000,0x00000000d7900000)
 ParOldGen       total 68608K, used 7829K [0x0000000080000000, 0x0000000084300000, 0x00000000d5580000)
  object space 68608K, 11% used [0x0000000080000000,0x00000000807a5700,0x0000000084300000)
 Metaspace       used 17883K, committed 18624K, reserved 1114112K
  class space    used 1826K, committed 2176K, reserved 1048576K
}
Event: 20.497 GC heap after
{Heap after GC invocations=6 (full 0):
 PSYoungGen      total 29184K, used 4150K [0x00000000d5580000, 0x00000000d7800000, 0x0000000100000000)
  eden space 24576K, 0% used [0x00000000d5580000,0x00000000d5580000,0x00000000d6d80000)
  from space 4608K, 90% used [0x00000000d7380000,0x00000000d778d850,0x00000000d7800000)
  to   space 4608K, 0% used [0x00000000d6f00000,0x00000000d6f00000,0x00000000d7380000)
 ParOldGen       total 68608K, used 7837K [0x0000000080000000, 0x0000000084300000, 0x00000000d5580000)
  object space 68608K, 11% used [0x0000000080000000,0x00000000807a7700,0x0000000084300000)
 Metaspace       used 17883K, committed 18624K, reserved 1114112K
  class space    used 1826K, committed 2176K, reserved 1048576K
}
Event: 20.671 GC heap before
{Heap before GC invocations=7 (full 0):
 PSYoungGen      total 29184K, used 28726K [0x00000000d5580000, 0x00000000d7800000, 0x0000000100000000)
  eden space 24576K, 100% used [0x00000000d5580000,0x00000000d6d80000,0x00000000d6d80000)
  from space 4608K, 90% used [0x00000000d7380000,0x00000000d778d850,0x00000000d7800000)
  to   space 4608K, 0% used [0x00000000d6f00000,0x00000000d6f00000,0x00000000d7380000)
 ParOldGen       total 68608K, used 7837K [0x0000000080000000, 0x0000000084300000, 0x00000000d5580000)
  object space 68608K, 11% used [0x0000000080000000,0x00000000807a7700,0x0000000084300000)
 Metaspace       used 20296K, committed 21056K, reserved 1114112K
  class space    used 2054K, committed 2368K, reserved 1048576K
}
Event: 20.675 GC heap after
{Heap after GC invocations=7 (full 0):
 PSYoungGen      total 28672K, used 4600K [0x00000000d5580000, 0x00000000d7d00000, 0x0000000100000000)
  eden space 24064K, 0% used [0x00000000d5580000,0x00000000d5580000,0x00000000d6d00000)
  from space 4608K, 99% used [0x00000000d6f00000,0x00000000d737e048,0x00000000d7380000)
  to   space 8192K, 0% used [0x00000000d7500000,0x00000000d7500000,0x00000000d7d00000)
 ParOldGen       total 68608K, used 10475K [0x0000000080000000, 0x0000000084300000, 0x00000000d5580000)
  object space 68608K, 15% used [0x0000000080000000,0x0000000080a3ac38,0x0000000084300000)
 Metaspace       used 20296K, committed 21056K, reserved 1114112K
  class space    used 2054K, committed 2368K, reserved 1048576K
}
Event: 20.698 GC heap before
{Heap before GC invocations=8 (full 0):
 PSYoungGen      total 28672K, used 10618K [0x00000000d5580000, 0x00000000d7d00000, 0x0000000100000000)
  eden space 24064K, 25% used [0x00000000d5580000,0x00000000d5b60b40,0x00000000d6d00000)
  from space 4608K, 99% used [0x00000000d6f00000,0x00000000d737e048,0x00000000d7380000)
  to   space 8192K, 0% used [0x00000000d7500000,0x00000000d7500000,0x00000000d7d00000)
 ParOldGen       total 68608K, used 10475K [0x0000000080000000, 0x0000000084300000, 0x00000000d5580000)
  object space 68608K, 15% used [0x0000000080000000,0x0000000080a3ac38,0x0000000084300000)
 Metaspace       used 20787K, committed 21504K, reserved 1114112K
  class space    used 2089K, committed 2432K, reserved 1048576K
}
Event: 20.700 GC heap after
{Heap after GC invocations=8 (full 0):
 PSYoungGen      total 28672K, used 4126K [0x00000000d5580000, 0x00000000d7980000, 0x0000000100000000)
  eden space 24064K, 0% used [0x00000000d5580000,0x00000000d5580000,0x00000000d6d00000)
  from space 4608K, 89% used [0x00000000d7500000,0x00000000d7907ad8,0x00000000d7980000)
  to   space 5632K, 0% used [0x00000000d6e80000,0x00000000d6e80000,0x00000000d7400000)
 ParOldGen       total 68608K, used 10833K [0x0000000080000000, 0x0000000084300000, 0x00000000d5580000)
  object space 68608K, 15% used [0x0000000080000000,0x0000000080a94498,0x0000000084300000)
 Metaspace       used 20787K, committed 21504K, reserved 1114112K
  class space    used 2089K, committed 2432K, reserved 1048576K
}
Event: 20.700 GC heap before
{Heap before GC invocations=9 (full 1):
 PSYoungGen      total 28672K, used 4126K [0x00000000d5580000, 0x00000000d7980000, 0x0000000100000000)
  eden space 24064K, 0% used [0x00000000d5580000,0x00000000d5580000,0x00000000d6d00000)
  from space 4608K, 89% used [0x00000000d7500000,0x00000000d7907ad8,0x00000000d7980000)
  to   space 5632K, 0% used [0x00000000d6e80000,0x00000000d6e80000,0x00000000d7400000)
 ParOldGen       total 68608K, used 10833K [0x0000000080000000, 0x0000000084300000, 0x00000000d5580000)
  object space 68608K, 15% used [0x0000000080000000,0x0000000080a94498,0x0000000084300000)
 Metaspace       used 20787K, committed 21504K, reserved 1114112K
  class space    used 2089K, committed 2432K, reserved 1048576K
}
Event: 20.722 GC heap after
{Heap after GC invocations=9 (full 1):
 PSYoungGen      total 28672K, used 0K [0x00000000d5580000, 0x00000000d7980000, 0x0000000100000000)
  eden space 24064K, 0% used [0x00000000d5580000,0x00000000d5580000,0x00000000d6d00000)
  from space 4608K, 0% used [0x00000000d7500000,0x00000000d7500000,0x00000000d7980000)
  to   space 5632K, 0% used [0x00000000d6e80000,0x00000000d6e80000,0x00000000d7400000)
 ParOldGen       total 68608K, used 12691K [0x0000000080000000, 0x0000000084300000, 0x00000000d5580000)
  object space 68608K, 18% used [0x0000000080000000,0x0000000080c64ca0,0x0000000084300000)
 Metaspace       used 20775K, committed 21504K, reserved 1114112K
  class space    used 2086K, committed 2432K, reserved 1048576K
}
Event: 20.915 GC heap before
{Heap before GC invocations=10 (full 1):
 PSYoungGen      total 28672K, used 24064K [0x00000000d5580000, 0x00000000d7980000, 0x0000000100000000)
  eden space 24064K, 100% used [0x00000000d5580000,0x00000000d6d00000,0x00000000d6d00000)
  from space 4608K, 0% used [0x00000000d7500000,0x00000000d7500000,0x00000000d7980000)
  to   space 5632K, 0% used [0x00000000d6e80000,0x00000000d6e80000,0x00000000d7400000)
 ParOldGen       total 68608K, used 12691K [0x0000000080000000, 0x0000000084300000, 0x00000000d5580000)
  object space 68608K, 18% used [0x0000000080000000,0x0000000080c64ca0,0x0000000084300000)
 Metaspace       used 24449K, committed 25216K, reserved 1114112K
  class space    used 2354K, committed 2688K, reserved 1048576K
}
Event: 20.916 GC heap after
{Heap after GC invocations=10 (full 1):
 PSYoungGen      total 24064K, used 349K [0x00000000d5580000, 0x00000000d7580000, 0x0000000100000000)
  eden space 23552K, 0% used [0x00000000d5580000,0x00000000d5580000,0x00000000d6c80000)
  from space 512K, 68% used [0x00000000d6e80000,0x00000000d6ed7720,0x00000000d6f00000)
  to   space 2048K, 0% used [0x00000000d7380000,0x00000000d7380000,0x00000000d7580000)
 ParOldGen       total 68608K, used 12691K [0x0000000080000000, 0x0000000084300000, 0x00000000d5580000)
  object space 68608K, 18% used [0x0000000080000000,0x0000000080c64ca0,0x0000000084300000)
 Metaspace       used 24449K, committed 25216K, reserved 1114112K
  class space    used 2354K, committed 2688K, reserved 1048576K
}
Event: 21.156 GC heap before
{Heap before GC invocations=11 (full 1):
 PSYoungGen      total 24064K, used 23901K [0x00000000d5580000, 0x00000000d7580000, 0x0000000100000000)
  eden space 23552K, 100% used [0x00000000d5580000,0x00000000d6c80000,0x00000000d6c80000)
  from space 512K, 68% used [0x00000000d6e80000,0x00000000d6ed7720,0x00000000d6f00000)
  to   space 2048K, 0% used [0x00000000d7380000,0x00000000d7380000,0x00000000d7580000)
 ParOldGen       total 68608K, used 12691K [0x0000000080000000, 0x0000000084300000, 0x00000000d5580000)
  object space 68608K, 18% used [0x0000000080000000,0x0000000080c64ca0,0x0000000084300000)
 Metaspace       used 25753K, committed 26496K, reserved 1114112K
  class space    used 2452K, committed 2816K, reserved 1048576K
}
Event: 21.158 GC heap after
{Heap after GC invocations=11 (full 1):
 PSYoungGen      total 25088K, used 2018K [0x00000000d5580000, 0x00000000d7580000, 0x0000000100000000)
  eden space 23040K, 0% used [0x00000000d5580000,0x00000000d5580000,0x00000000d6c00000)
  from space 2048K, 98% used [0x00000000d7380000,0x00000000d7578a98,0x00000000d7580000)
  to   space 3584K, 0% used [0x00000000d6e80000,0x00000000d6e80000,0x00000000d7200000)
 ParOldGen       total 68608K, used 13488K [0x0000000080000000, 0x0000000084300000, 0x00000000d5580000)
  object space 68608K, 19% used [0x0000000080000000,0x0000000080d2c1b0,0x0000000084300000)
 Metaspace       used 25753K, committed 26496K, reserved 1114112K
  class space    used 2452K, committed 2816K, reserved 1048576K
}
Event: 21.482 GC heap before
{Heap before GC invocations=12 (full 1):
 PSYoungGen      total 25088K, used 25051K [0x00000000d5580000, 0x00000000d7580000, 0x0000000100000000)
  eden space 23040K, 99% used [0x00000000d5580000,0x00000000d6bfe1f8,0x00000000d6c00000)
  from space 2048K, 98% used [0x00000000d7380000,0x00000000d7578a98,0x00000000d7580000)
  to   space 3584K, 0% used [0x00000000d6e80000,0x00000000d6e80000,0x00000000d7200000)
 ParOldGen       total 68608K, used 13488K [0x0000000080000000, 0x0000000084300000, 0x00000000d5580000)
  object space 68608K, 19% used [0x0000000080000000,0x0000000080d2c1b0,0x0000000084300000)
 Metaspace       used 29713K, committed 30592K, reserved 1114112K
  class space    used 2871K, committed 3264K, reserved 1048576K
}
Event: 21.484 GC heap after
{Heap after GC invocations=12 (full 1):
 PSYoungGen      total 25088K, used 2148K [0x00000000d5580000, 0x00000000d7400000, 0x0000000100000000)
  eden space 22528K, 0% used [0x00000000d5580000,0x00000000d5580000,0x00000000d6b80000)
  from space 2560K, 83% used [0x00000000d6e80000,0x00000000d7099380,0x00000000d7100000)
  to   space 2560K, 0% used [0x00000000d7180000,0x00000000d7180000,0x00000000d7400000)
 ParOldGen       total 68608K, used 15299K [0x0000000080000000, 0x0000000084300000, 0x00000000d5580000)
  object space 68608K, 22% used [0x0000000080000000,0x0000000080ef0c20,0x0000000084300000)
 Metaspace       used 29713K, committed 30592K, reserved 1114112K
  class space    used 2871K, committed 3264K, reserved 1048576K
}

Dll operation events (13 events):
Event: 0.008 Loaded shared library c:\Users\Suface\.vscode\extensions\redhat.java-1.43.1-win32-x64\jre\21.0.7-win32-x86_64\bin\java.dll
Event: 0.081 Loaded shared library c:\Users\Suface\.vscode\extensions\redhat.java-1.43.1-win32-x64\jre\21.0.7-win32-x86_64\bin\zip.dll
Event: 0.105 Loaded shared library C:\Users\Suface\.vscode\extensions\redhat.java-1.43.1-win32-x64\jre\21.0.7-win32-x86_64\bin\instrument.dll
Event: 0.112 Loaded shared library C:\Users\Suface\.vscode\extensions\redhat.java-1.43.1-win32-x64\jre\21.0.7-win32-x86_64\bin\net.dll
Event: 0.115 Loaded shared library C:\Users\Suface\.vscode\extensions\redhat.java-1.43.1-win32-x64\jre\21.0.7-win32-x86_64\bin\nio.dll
Event: 0.119 Loaded shared library C:\Users\Suface\.vscode\extensions\redhat.java-1.43.1-win32-x64\jre\21.0.7-win32-x86_64\bin\zip.dll
Event: 0.137 Loaded shared library C:\Users\Suface\.vscode\extensions\redhat.java-1.43.1-win32-x64\jre\21.0.7-win32-x86_64\bin\jimage.dll
Event: 0.208 Loaded shared library c:\Users\Suface\.vscode\extensions\redhat.java-1.43.1-win32-x64\jre\21.0.7-win32-x86_64\bin\verify.dll
Event: 8.288 Loaded shared library C:\Users\Suface\AppData\Roaming\Code\User\globalStorage\redhat.java\1.43.1\config_win\org.eclipse.equinox.launcher\org.eclipse.equinox.launcher.win32.win32.x86_64_1.2.1300.v20250331-1702\eclipse_11911.dll
Event: 20.187 Loaded shared library C:\Users\Suface\.vscode\extensions\redhat.java-1.43.1-win32-x64\jre\21.0.7-win32-x86_64\bin\management.dll
Event: 20.189 Loaded shared library C:\Users\Suface\.vscode\extensions\redhat.java-1.43.1-win32-x64\jre\21.0.7-win32-x86_64\bin\management_ext.dll
Event: 21.375 Loaded shared library C:\Users\Suface\AppData\Local\Temp\jna--1807560737\jna15266511312080110466.dll
Event: 21.473 Loaded shared library C:\Users\Suface\.vscode\extensions\redhat.java-1.43.1-win32-x64\jre\21.0.7-win32-x86_64\bin\sunmscapi.dll

Deoptimization events (20 events):
Event: 21.418 Thread 0x000002060a0e38d0 Uncommon trap: trap_request=0xffffffc6 fr.pc=0x00000205b78a28f4 relative=0x0000000000000194
Event: 21.418 Thread 0x000002060a0e38d0 Uncommon trap: reason=bimorphic_or_optimized_type_check action=maybe_recompile pc=0x00000205b78a28f4 method=java.util.Collections$UnmodifiableList.get(I)Ljava/lang/Object; @ 5 c2
Event: 21.418 Thread 0x000002060a0e38d0 DEOPT PACKING pc=0x00000205b78a28f4 sp=0x000000da50ffc3b0
Event: 21.418 Thread 0x000002060a0e38d0 DEOPT UNPACKING pc=0x00000205b71d6da2 sp=0x000000da50ffc348 mode 2
Event: 21.418 Thread 0x000002060a0e38d0 Uncommon trap: trap_request=0xffffffc6 fr.pc=0x00000205b78a28f4 relative=0x0000000000000194
Event: 21.418 Thread 0x000002060a0e38d0 Uncommon trap: reason=bimorphic_or_optimized_type_check action=maybe_recompile pc=0x00000205b78a28f4 method=java.util.Collections$UnmodifiableList.get(I)Ljava/lang/Object; @ 5 c2
Event: 21.418 Thread 0x000002060a0e38d0 DEOPT PACKING pc=0x00000205b78a28f4 sp=0x000000da50ffc3b0
Event: 21.418 Thread 0x000002060a0e38d0 DEOPT UNPACKING pc=0x00000205b71d6da2 sp=0x000000da50ffc348 mode 2
Event: 21.418 Thread 0x000002060a0e38d0 Uncommon trap: trap_request=0xffffffc6 fr.pc=0x00000205b78a28f4 relative=0x0000000000000194
Event: 21.418 Thread 0x000002060a0e38d0 Uncommon trap: reason=bimorphic_or_optimized_type_check action=maybe_recompile pc=0x00000205b78a28f4 method=java.util.Collections$UnmodifiableList.get(I)Ljava/lang/Object; @ 5 c2
Event: 21.418 Thread 0x000002060a0e38d0 DEOPT PACKING pc=0x00000205b78a28f4 sp=0x000000da50ffc3b0
Event: 21.418 Thread 0x000002060a0e38d0 DEOPT UNPACKING pc=0x00000205b71d6da2 sp=0x000000da50ffc348 mode 2
Event: 21.430 Thread 0x000002060a0e38d0 Uncommon trap: trap_request=0xffffff45 fr.pc=0x00000205b78c2990 relative=0x0000000000000410
Event: 21.430 Thread 0x000002060a0e38d0 Uncommon trap: reason=unstable_if action=reinterpret pc=0x00000205b78c2990 method=java.util.regex.Pattern$BmpCharPropertyGreedy.match(Ljava/util/regex/Matcher;ILjava/lang/CharSequence;)Z @ 12 c2
Event: 21.430 Thread 0x000002060a0e38d0 DEOPT PACKING pc=0x00000205b78c2990 sp=0x000000da50ffdb40
Event: 21.430 Thread 0x000002060a0e38d0 DEOPT UNPACKING pc=0x00000205b71d6da2 sp=0x000000da50ffdac8 mode 2
Event: 21.432 Thread 0x000002060a5b73c0 Uncommon trap: trap_request=0xffffff45 fr.pc=0x00000205b7904780 relative=0x0000000000000540
Event: 21.432 Thread 0x000002060a5b73c0 Uncommon trap: reason=unstable_if action=reinterpret pc=0x00000205b7904780 method=java.util.concurrent.locks.ReentrantReadWriteLock$Sync.tryAcquireShared(I)I @ 81 c2
Event: 21.432 Thread 0x000002060a5b73c0 DEOPT PACKING pc=0x00000205b7904780 sp=0x000000da515fe6e0
Event: 21.432 Thread 0x000002060a5b73c0 DEOPT UNPACKING pc=0x00000205b71d6da2 sp=0x000000da515fe4c8 mode 2

Classes loaded (20 events):
Event: 21.519 Loading class javax/crypto/CryptoPolicyParser$CryptoPermissionEntry
Event: 21.519 Loading class javax/crypto/CryptoPolicyParser$CryptoPermissionEntry done
Event: 21.519 Loading class java/util/Vector$Itr
Event: 21.519 Loading class java/util/Vector$Itr done
Event: 21.519 Loading class javax/crypto/CryptoAllPermission
Event: 21.519 Loading class javax/crypto/CryptoPermission
Event: 21.519 Loading class javax/crypto/CryptoPermission done
Event: 21.519 Loading class javax/crypto/CryptoAllPermission done
Event: 21.519 Loading class javax/crypto/CryptoAllPermissionCollection
Event: 21.519 Loading class javax/crypto/CryptoAllPermissionCollection done
Event: 21.520 Loading class java/lang/runtime/ObjectMethods
Event: 21.520 Loading class java/lang/runtime/ObjectMethods done
Event: 21.522 Loading class java/lang/invoke/MethodHandleImpl$Makers
Event: 21.522 Loading class java/lang/invoke/MethodHandleImpl$Makers done
Event: 21.522 Loading class java/lang/invoke/MethodHandleImpl$Makers$1
Event: 21.522 Loading class java/lang/invoke/MethodHandleImpl$Makers$1 done
Event: 21.522 Loading class java/lang/invoke/MethodHandleImpl$Makers$2
Event: 21.522 Loading class java/lang/invoke/MethodHandleImpl$Makers$2 done
Event: 21.522 Loading class java/lang/invoke/MethodHandleImpl$Makers$3
Event: 21.522 Loading class java/lang/invoke/MethodHandleImpl$Makers$3 done

Classes unloaded (7 events):
Event: 20.704 Thread 0x00000205ac9d1480 Unloading class 0x00000205c51a5000 'java/lang/invoke/LambdaForm$MH+0x00000205c51a5000'
Event: 20.704 Thread 0x00000205ac9d1480 Unloading class 0x00000205c51a4c00 'java/lang/invoke/LambdaForm$MH+0x00000205c51a4c00'
Event: 20.704 Thread 0x00000205ac9d1480 Unloading class 0x00000205c51a4800 'java/lang/invoke/LambdaForm$MH+0x00000205c51a4800'
Event: 20.704 Thread 0x00000205ac9d1480 Unloading class 0x00000205c51a4400 'java/lang/invoke/LambdaForm$MH+0x00000205c51a4400'
Event: 20.704 Thread 0x00000205ac9d1480 Unloading class 0x00000205c51a4000 'java/lang/invoke/LambdaForm$BMH+0x00000205c51a4000'
Event: 20.704 Thread 0x00000205ac9d1480 Unloading class 0x00000205c51a3c00 'java/lang/invoke/LambdaForm$DMH+0x00000205c51a3c00'
Event: 20.704 Thread 0x00000205ac9d1480 Unloading class 0x00000205c51a2800 'java/lang/invoke/LambdaForm$DMH+0x00000205c51a2800'

Classes redefined (0 events):
No events

Internal exceptions (20 events):
Event: 21.198 Thread 0x000002060a0e38d0 Exception <a 'sun/nio/fs/WindowsException'{0x00000000d5713700}> (0x00000000d5713700) 
thrown [s\src\hotspot\share\prims\jni.cpp, line 520]
Event: 21.199 Thread 0x000002060a0e38d0 Exception <a 'sun/nio/fs/WindowsException'{0x00000000d57173f8}> (0x00000000d57173f8) 
thrown [s\src\hotspot\share\prims\jni.cpp, line 520]
Event: 21.209 Thread 0x000002060a0e38d0 Exception <a 'sun/nio/fs/WindowsException'{0x00000000d57edf58}> (0x00000000d57edf58) 
thrown [s\src\hotspot\share\prims\jni.cpp, line 520]
Event: 21.240 Thread 0x000002060a0e38d0 Exception <a 'java/lang/ClassNotFoundException'{0x00000000d5ad2e98}: com/sun/org/apache/xml/internal/serializer/spi/XMLEntitiesProvider> (0x00000000d5ad2e98) 
thrown [s\src\hotspot\share\classfile\systemDictionary.cpp, line 312]
Event: 21.286 Thread 0x000002060a0e38d0 Exception <a 'java/io/FileNotFoundException'{0x00000000d5ec4e80}> (0x00000000d5ec4e80) 
thrown [s\src\hotspot\share\prims\jni.cpp, line 520]
Event: 21.398 Thread 0x000002060a0e38d0 Exception <a 'java/lang/UnsatisfiedLinkError'{0x00000000d6211568}: The specified procedure could not be found.
> (0x00000000d6211568) 
thrown [s\src\hotspot\share\prims\jni.cpp, line 539]
Event: 21.401 Thread 0x000002060a0e38d0 Exception <a 'java/io/FileNotFoundException'{0x00000000d62396d0}> (0x00000000d62396d0) 
thrown [s\src\hotspot\share\prims\jni.cpp, line 520]
Event: 21.410 Thread 0x000002060a0e38d0 Exception <a 'java/io/FileNotFoundException'{0x00000000d62c3370}> (0x00000000d62c3370) 
thrown [s\src\hotspot\share\prims\jni.cpp, line 520]
Event: 21.419 Thread 0x000002060a0e38d0 Exception <a 'java/lang/NoSuchMethodError'{0x00000000d63581c0}: 'void java.lang.invoke.DirectMethodHandle$Holder.invokeSpecial(java.lang.Object, java.lang.Object, java.lang.Object, int)'> (0x00000000d63581c0) 
thrown [s\src\hotspot\share\interpreter\linkResolver.cpp, line 773]
Event: 21.419 Thread 0x000002060a0e38d0 Exception <a 'java/lang/NoSuchMethodError'{0x00000000d635b890}: 'void java.lang.invoke.DelegatingMethodHandle$Holder.reinvoke_L(java.lang.Object, java.lang.Object, int)'> (0x00000000d635b890) 
thrown [s\src\hotspot\share\interpreter\linkResolver.cpp, line 773]
Event: 21.420 Thread 0x000002060a0e38d0 Exception <a 'java/lang/NoSuchMethodError'{0x00000000d6362228}: 'int java.lang.invoke.Invokers$Holder.invokeExact_MT(java.lang.Object, java.lang.Object, java.lang.Object)'> (0x00000000d6362228) 
thrown [s\src\hotspot\share\interpreter\linkResolver.cpp, line 773]
Event: 21.421 Thread 0x000002060a0e38d0 Exception <a 'java/lang/UnsatisfiedLinkError'{0x00000000d6370898}: The specified procedure could not be found.
> (0x00000000d6370898) 
thrown [s\src\hotspot\share\prims\jni.cpp, line 539]
Event: 21.425 Thread 0x000002060a0e38d0 Exception <a 'java/lang/NoSuchMethodError'{0x00000000d637d590}: 'void java.lang.invoke.Invokers$Holder.invokeExact_MT(java.lang.Object, java.lang.Object, int, java.lang.Object)'> (0x00000000d637d590) 
thrown [s\src\hotspot\share\interpreter\linkResolver.cpp, line 773]
Event: 21.472 Thread 0x00000205aa62b040 Exception <a 'java/io/FileNotFoundException'{0x00000000d6a2dc88}> (0x00000000d6a2dc88) 
thrown [s\src\hotspot\share\prims\jni.cpp, line 520]
Event: 21.498 Thread 0x00000205aa62b040 Exception <a 'java/lang/NoSuchMethodError'{0x00000000d58b0e50}: 'java.lang.Object java.lang.invoke.DirectMethodHandle$Holder.invokeStatic(java.lang.Object, long, java.lang.Object)'> (0x00000000d58b0e50) 
thrown [s\src\hotspot\share\interpreter\linkResolver.cpp, line 773]
Event: 21.499 Thread 0x00000205aa62b040 Exception <a 'java/lang/NoSuchMethodError'{0x00000000d58b44b8}: 'java.lang.Object java.lang.invoke.DirectMethodHandle$Holder.invokeStaticInit(java.lang.Object, long, java.lang.Object)'> (0x00000000d58b44b8) 
thrown [s\src\hotspot\share\interpreter\linkResolver.cpp, line 773]
Event: 21.499 Thread 0x00000205aa62b040 Exception <a 'java/lang/NoSuchMethodError'{0x00000000d58edbf8}: 'java.lang.Object java.lang.invoke.DirectMethodHandle$Holder.newInvokeSpecial(java.lang.Object, long)'> (0x00000000d58edbf8) 
thrown [s\src\hotspot\share\interpreter\linkResolver.cpp, line 773]
Event: 21.501 Thread 0x000002060a5b7a50 Exception <a 'sun/nio/fs/WindowsException'{0x00000000d593b318}> (0x00000000d593b318) 
thrown [s\src\hotspot\share\prims\jni.cpp, line 520]
Event: 21.521 Thread 0x000002060a5b80e0 Exception <a 'java/lang/NoSuchMethodError'{0x00000000d5b3c0c0}: 'java.lang.Object java.lang.invoke.DirectMethodHandle$Holder.invokeStaticInit(java.lang.Object, java.lang.Object, java.lang.Object, java.lang.Object, java.lang.Object, java.lang.Object, java.lang.Object)'> (0x00000000d5b3c0c0) 
thrown [s\src\hotspot\share\interpreter\linkResolver.cpp, line 773]
Event: 21.521 Thread 0x000002060a5b80e0 Exception <a 'java/lang/NoSuchMethodError'{0x00000000d5b40898}: 'java.lang.Object java.lang.invoke.Invokers$Holder.invoke_MT(java.lang.Object, java.lang.Object, java.lang.Object, java.lang.Object, java.lang.Object, java.lang.Object, java.lang.Object, java.lang.Object, java.lang.Object)'> (0x00000000d5b40898) 
thrown [s\src\hotspot\share\interpreter\linkResolver.cpp, line 773]

ZGC Phase Switch (0 events):
No events

VM Operations (20 events):
Event: 21.158 Executing VM operation: ParallelGCFailedAllocation (Allocation Failure) done
Event: 21.225 Executing VM operation: HandshakeAllThreads (Deoptimize)
Event: 21.225 Executing VM operation: HandshakeAllThreads (Deoptimize) done
Event: 21.240 Executing VM operation: HandshakeAllThreads (Deoptimize)
Event: 21.240 Executing VM operation: HandshakeAllThreads (Deoptimize) done
Event: 21.242 Executing VM operation: HandshakeAllThreads (Deoptimize)
Event: 21.242 Executing VM operation: HandshakeAllThreads (Deoptimize) done
Event: 21.254 Executing VM operation: HandshakeAllThreads (Deoptimize)
Event: 21.255 Executing VM operation: HandshakeAllThreads (Deoptimize) done
Event: 21.271 Executing VM operation: HandshakeAllThreads (Deoptimize)
Event: 21.271 Executing VM operation: HandshakeAllThreads (Deoptimize) done
Event: 21.387 Executing VM operation: HandshakeAllThreads (Deoptimize)
Event: 21.387 Executing VM operation: HandshakeAllThreads (Deoptimize) done
Event: 21.475 Executing VM operation: HandshakeAllThreads (Deoptimize)
Event: 21.475 Executing VM operation: HandshakeAllThreads (Deoptimize) done
Event: 21.481 Executing VM operation: ParallelGCFailedAllocation (Allocation Failure)
Event: 21.484 Executing VM operation: ParallelGCFailedAllocation (Allocation Failure) done
Event: 21.503 Executing VM operation: HandshakeAllThreads (Deoptimize)
Event: 21.504 Executing VM operation: HandshakeAllThreads (Deoptimize) done
Event: 22.503 Executing VM operation: Cleanup

Memory protections (0 events):
No events

Nmethod flushes (0 events):
No events

Events (20 events):
Event: 11.624 Thread 0x000002060a191400 Thread exited: 0x000002060a191400
Event: 18.419 Thread 0x000002060a0e38d0 Thread added: 0x000002060a0e3240
Event: 18.492 Thread 0x000002060a0e38d0 Thread added: 0x000002060a5b6d30
Event: 19.999 Thread 0x00000205aca0a9d0 Thread added: 0x000002060a66a500
Event: 20.091 Thread 0x000002060a0e38d0 Thread added: 0x000002060a5b66a0
Event: 20.245 Thread 0x000002060a0e38d0 Thread added: 0x000002060a5b73c0
Event: 20.257 Thread 0x000002060a0e38d0 Thread added: 0x000002060a5b7a50
Event: 21.070 Thread 0x000002060a0e38d0 Thread added: 0x000002060a5b6010
Event: 21.392 Thread 0x000002060a0e38d0 Thread added: 0x000002060a5b9490
Event: 21.454 Thread 0x000002060a5b7a50 Thread added: 0x000002060a5b9b20
Event: 21.481 Thread 0x000002060a5b9b20 Thread added: 0x000002060a5b80e0
Event: 21.507 Thread 0x00000205aa62b040 Thread added: 0x000002060a5bb560
Event: 21.507 Thread 0x00000205aa62b040 Thread added: 0x000002060a5ba1b0
Event: 21.507 Thread 0x00000205aa62b040 Thread added: 0x000002060a5ba840
Event: 21.507 Thread 0x00000205aa62b040 Thread added: 0x000002060a5baed0
Event: 21.507 Thread 0x00000205aa62b040 Thread added: 0x000002060a5bbbf0
Event: 21.507 Thread 0x00000205aa62b040 Thread added: 0x000002060a5b8770
Event: 21.508 Thread 0x00000205aa62b040 Thread added: 0x000002060a5bc280
Event: 21.508 Thread 0x00000205aa62b040 Thread added: 0x000002060a5bc910
Event: 21.508 Thread 0x00000205aa62b040 Thread added: 0x000002060a5bcfa0


Dynamic libraries:
0x00007ff631510000 - 0x00007ff63151e000 	c:\Users\Suface\.vscode\extensions\redhat.java-1.43.1-win32-x64\jre\21.0.7-win32-x86_64\bin\java.exe
0x00007ffb78080000 - 0x00007ffb782e5000 	C:\WINDOWS\SYSTEM32\ntdll.dll
0x00007ffb770f0000 - 0x00007ffb771b9000 	C:\WINDOWS\System32\KERNEL32.DLL
0x00007ffb75830000 - 0x00007ffb75c18000 	C:\WINDOWS\System32\KERNELBASE.dll
0x00007ffb75410000 - 0x00007ffb7555b000 	C:\WINDOWS\System32\ucrtbase.dll
0x00007ffb54610000 - 0x00007ffb5462e000 	c:\Users\Suface\.vscode\extensions\redhat.java-1.43.1-win32-x64\jre\21.0.7-win32-x86_64\bin\VCRUNTIME140.dll
0x00007ffb5a740000 - 0x00007ffb5a758000 	c:\Users\Suface\.vscode\extensions\redhat.java-1.43.1-win32-x64\jre\21.0.7-win32-x86_64\bin\jli.dll
0x00007ffb768c0000 - 0x00007ffb76a8a000 	C:\WINDOWS\System32\USER32.dll
0x00007ffb75350000 - 0x00007ffb75377000 	C:\WINDOWS\System32\win32u.dll
0x00007ffb5c4d0000 - 0x00007ffb5c76a000 	C:\WINDOWS\WinSxS\amd64_microsoft.windows.common-controls_6595b64144ccf1df_6.0.26100.4202_none_3e0698d4e335f517\COMCTL32.dll
0x00007ffb770c0000 - 0x00007ffb770eb000 	C:\WINDOWS\System32\GDI32.dll
0x00007ffb75ce0000 - 0x00007ffb75e17000 	C:\WINDOWS\System32\gdi32full.dll
0x00007ffb771c0000 - 0x00007ffb77269000 	C:\WINDOWS\System32\msvcrt.dll
0x00007ffb75560000 - 0x00007ffb75603000 	C:\WINDOWS\System32\msvcp_win.dll
0x00007ffb76a90000 - 0x00007ffb76ac0000 	C:\WINDOWS\System32\IMM32.DLL
0x00007ffb54820000 - 0x00007ffb5482c000 	c:\Users\Suface\.vscode\extensions\redhat.java-1.43.1-win32-x64\jre\21.0.7-win32-x86_64\bin\vcruntime140_1.dll
0x00007ffb4ede0000 - 0x00007ffb4ee6d000 	c:\Users\Suface\.vscode\extensions\redhat.java-1.43.1-win32-x64\jre\21.0.7-win32-x86_64\bin\msvcp140.dll
0x00007ffb20740000 - 0x00007ffb214d0000 	c:\Users\Suface\.vscode\extensions\redhat.java-1.43.1-win32-x64\jre\21.0.7-win32-x86_64\bin\server\jvm.dll
0x00007ffb77370000 - 0x00007ffb77423000 	C:\WINDOWS\System32\ADVAPI32.dll
0x00007ffb767f0000 - 0x00007ffb76896000 	C:\WINDOWS\System32\sechost.dll
0x00007ffb77f20000 - 0x00007ffb78035000 	C:\WINDOWS\System32\RPCRT4.dll
0x00007ffb77270000 - 0x00007ffb772e4000 	C:\WINDOWS\System32\WS2_32.dll
0x00007ffb75020000 - 0x00007ffb7507e000 	C:\WINDOWS\SYSTEM32\POWRPROF.dll
0x00007ffb6db70000 - 0x00007ffb6dba5000 	C:\WINDOWS\SYSTEM32\WINMM.dll
0x00007ffb6d440000 - 0x00007ffb6d44b000 	C:\WINDOWS\SYSTEM32\VERSION.dll
0x00007ffb75000000 - 0x00007ffb75014000 	C:\WINDOWS\SYSTEM32\UMPDC.dll
0x00007ffb73f50000 - 0x00007ffb73f6b000 	C:\WINDOWS\SYSTEM32\kernel.appcore.dll
0x00007ffb50900000 - 0x00007ffb5090a000 	c:\Users\Suface\.vscode\extensions\redhat.java-1.43.1-win32-x64\jre\21.0.7-win32-x86_64\bin\jimage.dll
0x00007ffb72840000 - 0x00007ffb72a81000 	C:\WINDOWS\SYSTEM32\DBGHELP.DLL
0x00007ffb76c20000 - 0x00007ffb76fa5000 	C:\WINDOWS\System32\combase.dll
0x00007ffb77b80000 - 0x00007ffb77c61000 	C:\WINDOWS\System32\OLEAUT32.dll
0x00007ffb5c460000 - 0x00007ffb5c499000 	C:\WINDOWS\SYSTEM32\dbgcore.DLL
0x00007ffb75790000 - 0x00007ffb75829000 	C:\WINDOWS\System32\bcryptPrimitives.dll
0x00007ffb503e0000 - 0x00007ffb503ef000 	c:\Users\Suface\.vscode\extensions\redhat.java-1.43.1-win32-x64\jre\21.0.7-win32-x86_64\bin\instrument.dll
0x00007ffb4feb0000 - 0x00007ffb4fecf000 	c:\Users\Suface\.vscode\extensions\redhat.java-1.43.1-win32-x64\jre\21.0.7-win32-x86_64\bin\java.dll
0x00007ffb77430000 - 0x00007ffb77b72000 	C:\WINDOWS\System32\SHELL32.dll
0x00007ffb75610000 - 0x00007ffb75784000 	C:\WINDOWS\System32\wintypes.dll
0x00007ffb72df0000 - 0x00007ffb73648000 	C:\WINDOWS\SYSTEM32\windows.storage.dll
0x00007ffb766f0000 - 0x00007ffb767e1000 	C:\WINDOWS\System32\SHCORE.dll
0x00007ffb772f0000 - 0x00007ffb7735a000 	C:\WINDOWS\System32\shlwapi.dll
0x00007ffb750e0000 - 0x00007ffb7510f000 	C:\WINDOWS\SYSTEM32\profapi.dll
0x00007ffb4f070000 - 0x00007ffb4f088000 	c:\Users\Suface\.vscode\extensions\redhat.java-1.43.1-win32-x64\jre\21.0.7-win32-x86_64\bin\zip.dll
0x00007ffb503d0000 - 0x00007ffb503e0000 	C:\Users\Suface\.vscode\extensions\redhat.java-1.43.1-win32-x64\jre\21.0.7-win32-x86_64\bin\net.dll
0x00007ffb668f0000 - 0x00007ffb66a0e000 	C:\WINDOWS\SYSTEM32\WINHTTP.dll
0x00007ffb744a0000 - 0x00007ffb7450a000 	C:\WINDOWS\system32\mswsock.dll
0x00007ffb4ed30000 - 0x00007ffb4ed46000 	C:\Users\Suface\.vscode\extensions\redhat.java-1.43.1-win32-x64\jre\21.0.7-win32-x86_64\bin\nio.dll
0x00007ffb4fea0000 - 0x00007ffb4feb0000 	c:\Users\Suface\.vscode\extensions\redhat.java-1.43.1-win32-x64\jre\21.0.7-win32-x86_64\bin\verify.dll
0x00007ffb4ebd0000 - 0x00007ffb4ec15000 	C:\Users\Suface\AppData\Roaming\Code\User\globalStorage\redhat.java\1.43.1\config_win\org.eclipse.equinox.launcher\org.eclipse.equinox.launcher.win32.win32.x86_64_1.2.1300.v20250331-1702\eclipse_11911.dll
0x00007ffb75ed0000 - 0x00007ffb7606e000 	C:\WINDOWS\System32\ole32.dll
0x00007ffb4f060000 - 0x00007ffb4f06a000 	C:\Users\Suface\.vscode\extensions\redhat.java-1.43.1-win32-x64\jre\21.0.7-win32-x86_64\bin\management.dll
0x00007ffb4efa0000 - 0x00007ffb4efab000 	C:\Users\Suface\.vscode\extensions\redhat.java-1.43.1-win32-x64\jre\21.0.7-win32-x86_64\bin\management_ext.dll
0x00007ffb77360000 - 0x00007ffb77368000 	C:\WINDOWS\System32\PSAPI.DLL
0x00007ffb74880000 - 0x00007ffb7489b000 	C:\WINDOWS\SYSTEM32\CRYPTSP.dll
0x00007ffb73eb0000 - 0x00007ffb73eea000 	C:\WINDOWS\system32\rsaenh.dll
0x00007ffb74540000 - 0x00007ffb7456b000 	C:\WINDOWS\SYSTEM32\USERENV.dll
0x00007ffb750b0000 - 0x00007ffb750d6000 	C:\WINDOWS\SYSTEM32\bcrypt.dll
0x00007ffb746e0000 - 0x00007ffb746ec000 	C:\WINDOWS\SYSTEM32\CRYPTBASE.dll
0x00007ffb73a10000 - 0x00007ffb73a43000 	C:\WINDOWS\SYSTEM32\IPHLPAPI.DLL
0x00007ffb770b0000 - 0x00007ffb770ba000 	C:\WINDOWS\System32\NSI.dll
0x00007ffb4eff0000 - 0x00007ffb4f039000 	C:\Users\Suface\AppData\Local\Temp\jna--1807560737\jna15266511312080110466.dll
0x00007ffb66c30000 - 0x00007ffb66c4f000 	C:\WINDOWS\SYSTEM32\dhcpcsvc6.DLL
0x00007ffb66b90000 - 0x00007ffb66bb5000 	C:\WINDOWS\SYSTEM32\dhcpcsvc.DLL
0x00007ffb4eef0000 - 0x00007ffb4eefe000 	C:\Users\Suface\.vscode\extensions\redhat.java-1.43.1-win32-x64\jre\21.0.7-win32-x86_64\bin\sunmscapi.dll
0x00007ffb751d0000 - 0x00007ffb75347000 	C:\WINDOWS\System32\CRYPT32.dll
0x00007ffb749d0000 - 0x00007ffb74a00000 	C:\WINDOWS\SYSTEM32\ncrypt.dll
0x00007ffb74980000 - 0x00007ffb749bf000 	C:\WINDOWS\SYSTEM32\NTASN1.dll

dbghelp: loaded successfully - version: 4.0.5 - missing functions: none
symbol engine: initialized successfully - sym options: 0x614 - pdb path: .;c:\Users\Suface\.vscode\extensions\redhat.java-1.43.1-win32-x64\jre\21.0.7-win32-x86_64\bin;C:\WINDOWS\SYSTEM32;C:\WINDOWS\WinSxS\amd64_microsoft.windows.common-controls_6595b64144ccf1df_6.0.26100.4202_none_3e0698d4e335f517;c:\Users\Suface\.vscode\extensions\redhat.java-1.43.1-win32-x64\jre\21.0.7-win32-x86_64\bin\server;C:\Users\Suface\AppData\Roaming\Code\User\globalStorage\redhat.java\1.43.1\config_win\org.eclipse.equinox.launcher\org.eclipse.equinox.launcher.win32.win32.x86_64_1.2.1300.v20250331-1702;C:\Users\Suface\AppData\Local\Temp\jna--1807560737

VM Arguments:
jvm_args: --add-modules=ALL-SYSTEM --add-opens=java.base/java.util=ALL-UNNAMED --add-opens=java.base/java.lang=ALL-UNNAMED --add-opens=java.base/sun.nio.fs=ALL-UNNAMED -Declipse.application=org.eclipse.jdt.ls.core.id1 -Dosgi.bundles.defaultStartLevel=4 -Declipse.product=org.eclipse.jdt.ls.core.product -Djava.import.generatesMetadataFilesAtProjectRoot=false -DDetectVMInstallationsJob.disabled=true -Dfile.encoding=utf8 -XX:+UseParallelGC -XX:GCTimeRatio=4 -XX:AdaptiveSizePolicyWeight=90 -Dsun.zip.disableMemoryMapping=true -Xmx2G -Xms100m -Xlog:disable -javaagent:c:\Users\Suface\.vscode\extensions\redhat.java-1.43.1-win32-x64\lombok\lombok-1.18.39-4050.jar -XX:+HeapDumpOnOutOfMemoryError -XX:HeapDumpPath=c:\Users\Suface\AppData\Roaming\Code\User\workspaceStorage\07c82d763a71fc085d8881053b6b6c99\redhat.java -Daether.dependencyCollector.impl=bf 
java_command: c:\Users\Suface\.vscode\extensions\redhat.java-1.43.1-win32-x64\server\plugins\org.eclipse.equinox.launcher_1.7.0.v20250519-0528.jar -configuration c:\Users\Suface\AppData\Roaming\Code\User\globalStorage\redhat.java\1.43.1\config_win -data c:\Users\Suface\AppData\Roaming\Code\User\workspaceStorage\07c82d763a71fc085d8881053b6b6c99\redhat.java\jdt_ws --pipe=\\.\pipe\lsp-63c7d0cc75b0c303f2a2dd6e566a46e6-sock
java_class_path (initial): c:\Users\Suface\.vscode\extensions\redhat.java-1.43.1-win32-x64\server\plugins\org.eclipse.equinox.launcher_1.7.0.v20250519-0528.jar
Launcher Type: SUN_STANDARD

[Global flags]
    uintx AdaptiveSizePolicyWeight                 = 90                                        {product} {command line}
     intx CICompilerCount                          = 4                                         {product} {ergonomic}
    uintx GCTimeRatio                              = 4                                         {product} {command line}
     bool HeapDumpOnOutOfMemoryError               = true                                   {manageable} {command line}
    ccstr HeapDumpPath                             = c:\Users\Suface\AppData\Roaming\Code\User\workspaceStorage\07c82d763a71fc085d8881053b6b6c99\redhat.java         {manageable} {command line}
   size_t InitialHeapSize                          = 104857600                                 {product} {command line}
   size_t MaxHeapSize                              = 2147483648                                {product} {command line}
   size_t MaxNewSize                               = 715653120                                 {product} {ergonomic}
   size_t MinHeapDeltaBytes                        = 524288                                    {product} {ergonomic}
   size_t MinHeapSize                              = 104857600                                 {product} {command line}
   size_t NewSize                                  = 34603008                                  {product} {ergonomic}
    uintx NonNMethodCodeHeapSize                   = 5839372                                {pd product} {ergonomic}
    uintx NonProfiledCodeHeapSize                  = 122909434                              {pd product} {ergonomic}
   size_t OldSize                                  = 70254592                                  {product} {ergonomic}
    uintx ProfiledCodeHeapSize                     = 122909434                              {pd product} {ergonomic}
    uintx ReservedCodeCacheSize                    = 251658240                              {pd product} {ergonomic}
     bool SegmentedCodeCache                       = true                                      {product} {ergonomic}
   size_t SoftMaxHeapSize                          = 2147483648                             {manageable} {ergonomic}
     bool UseCompressedOops                        = true                           {product lp64_product} {ergonomic}
     bool UseLargePagesIndividualAllocation        = false                                  {pd product} {ergonomic}
     bool UseParallelGC                            = true                                      {product} {command line}

Logging:
Log output configuration:
 #0: stdout all=off uptime,level,tags foldmultilines=false
 #1: stderr all=off uptime,level,tags foldmultilines=false

Environment Variables:
JAVA_HOME=D:\Tools\Java\jdk-17
PATH=C:\Program Files\Microsoft MPI\Bin\;D:\Tools\VMware\VMware Workstation\bin\;C:\WINDOWS\system32;C:\WINDOWS;C:\WINDOWS\System32\Wbem;C:\WINDOWS\System32\WindowsPowerShell\v1.0\;C:\WINDOWS\System32\OpenSSH\;D:\Tools\Git\cmd;C:\Program Files\Common Files\Oracle\Java\javapath;D:\Tools\Android\cmdline-tools\latest\bin;C:\Program Files (x86)\Microsoft SQL Server\160\DTS\Binn\;C:\Program Files (x86)\Microsoft SQL Server\160\Tools\Binn\;C:\Program Files\Microsoft SQL Server\160\Tools\Binn\;C:\Program Files\Microsoft SQL Server\Client SDK\ODBC\170\Tools\Binn\;C:\Program Files\Microsoft SQL Server\160\DTS\Binn\;C:\Program Files (x86)\Windows Kits\10\Windows Performance Toolkit\;C:\Program Files\Docker\Docker\resources\bin;D:\Tools\sonar-scanner-9.0.0.100868-net-framework;C:\Program Files\Microsoft Visual Studio\2022\Community\MSBuild\Current\Bin;C:\Program Files\Microsoft SQL Server\150\Tools\Binn\;D:\Tools\NetSarang\Xshell 8\;C:\Program Files\Cloudflare\Cloudflare WARP\;c:\Users\Suface\AppData\Local\Programs\cursor\resources\app\bin;C:\Program Files\dotnet\;D:\Tools\nodejs22.14\;D:\Tools\Python313;D:\Tools\Odoo 18.0.20241125\python;D:\Tools\Odoo 18.0.20241125\python\Scripts;D:\Tools\flutter\bin;D:\Tools\Java\jdk-17\bin;d:\Tools\Java\openjdk-11.0.26\bin\;D:\Tools\apache-maven-3.9.9\bin;C:\Program Files\PowerShell\7\;D:\Tools\Python312\Scripts\;D:\Tools\Python312\;C:\Users\Suface\AppData\Local\Programs\Python\Launcher\;C:\Users\Suface\AppData\Local\Microsoft\WindowsApps;D:\Tools\Microsoft VS Code\bin;C:\Users\Suface\.dotnet\tools;C:\Users\Suface\AppData\Roaming\npm;C:\Users\Suface\AppData\Local\Programs\cursor\resources\app\bin
USERNAME=Suface
OS=Windows_NT
PROCESSOR_IDENTIFIER=Intel64 Family 6 Model 140 Stepping 1, GenuineIntel
TMP=C:\Users\Suface\AppData\Local\Temp
TEMP=C:\Users\Suface\AppData\Local\Temp




Periodic native trim disabled

---------------  S Y S T E M  ---------------

OS:
 Windows 11 , 64 bit Build 26100 (10.0.26100.4202)
OS uptime: 5 days 2:56 hours
Hyper-V role detected

CPU: total 8 (initial active 8) (4 cores per cpu, 2 threads per core) family 6 model 140 stepping 1 microcode 0xba, cx8, cmov, fxsr, ht, mmx, 3dnowpref, sse, sse2, sse3, ssse3, sse4.1, sse4.2, popcnt, lzcnt, tsc, tscinvbit, avx, avx2, aes, erms, clmul, bmi1, bmi2, adx, avx512f, avx512dq, avx512cd, avx512bw, avx512vl, sha, fma, vzeroupper, avx512_vpopcntdq, avx512_vpclmulqdq, avx512_vaes, avx512_vnni, clflush, clflushopt, clwb, avx512_vbmi2, avx512_vbmi, hv, rdtscp, rdpid, fsrm, gfni, avx512_bitalg, f16c, cet_ibt, cet_ss, avx512_ifma
Processor Information for the first 8 processors :
  Max Mhz: 2995, Current Mhz: 2995, Mhz Limit: 2995

Memory: 4k page, system-wide physical 16226M (1308M free)
TotalPageFile size 24226M (AvailPageFile size 4M)
current process WorkingSet (physical memory assigned to process): 182M, peak: 182M
current process commit charge ("private bytes"): 308M, peak: 308M

vm_info: OpenJDK 64-Bit Server VM (21.0.7+6-LTS) for windows-amd64 JRE (21.0.7+6-LTS), built on 2025-04-15T00:00:00Z by "admin" with MS VC++ 17.7 (VS2022)

END.
